0 info it worked if it ends with ok
1 verbose cli [ '/Users/ThorrStevens/.nvm/versions/node/v6.8.0/bin/node',
1 verbose cli   '/Users/ThorrStevens/.nvm/versions/node/v6.8.0/bin/npm',
1 verbose cli   'run',
1 verbose cli   'development' ]
2 info using npm@3.10.8
3 info using node@v6.8.0
4 verbose run-script [ 'predevelopment', 'development', 'postdevelopment' ]
5 info lifecycle DistrictMusic@0.2.1~predevelopment: DistrictMusic@0.2.1
6 silly lifecycle DistrictMusic@0.2.1~predevelopment: no script for predevelopment, continuing
7 info lifecycle DistrictMusic@0.2.1~development: DistrictMusic@0.2.1
8 verbose lifecycle DistrictMusic@0.2.1~development: unsafe-perm in lifecycle true
9 verbose lifecycle DistrictMusic@0.2.1~development: PATH: /Users/ThorrStevens/.nvm/versions/node/v6.8.0/lib/node_modules/npm/bin/node-gyp-bin:/Users/ThorrStevens/Documents/Howest/S10/STAGE/DistrictMusic/DistrictMusic_Remote/node_modules/.bin:/Users/ThorrStevens/.nvm/versions/node/v6.8.0/bin:/usr/local/bin:/usr/bin:/bin:/usr/sbin:/sbin
10 verbose lifecycle DistrictMusic@0.2.1~development: CWD: /Users/ThorrStevens/Documents/Howest/S10/STAGE/DistrictMusic/DistrictMusic_Remote
11 silly lifecycle DistrictMusic@0.2.1~development: Args: [ '-c',
11 silly lifecycle   'npm run clean && nodemon . & NODE_ENV=development webpack --watch' ]
12 silly lifecycle DistrictMusic@0.2.1~development: Returned: code: 1  signal: null
13 info lifecycle DistrictMusic@0.2.1~development: Failed to exec development script
14 verbose stack Error: DistrictMusic@0.2.1 development: `npm run clean && nodemon . & NODE_ENV=development webpack --watch`
14 verbose stack Exit status 1
14 verbose stack     at EventEmitter.<anonymous> (/Users/ThorrStevens/.nvm/versions/node/v6.8.0/lib/node_modules/npm/lib/utils/lifecycle.js:255:16)
14 verbose stack     at emitTwo (events.js:106:13)
14 verbose stack     at EventEmitter.emit (events.js:191:7)
14 verbose stack     at ChildProcess.<anonymous> (/Users/ThorrStevens/.nvm/versions/node/v6.8.0/lib/node_modules/npm/lib/utils/spawn.js:40:14)
14 verbose stack     at emitTwo (events.js:106:13)
14 verbose stack     at ChildProcess.emit (events.js:191:7)
14 verbose stack     at maybeClose (internal/child_process.js:877:16)
14 verbose stack     at Process.ChildProcess._handle.onexit (internal/child_process.js:226:5)
15 verbose pkgid DistrictMusic@0.2.1
16 verbose cwd /Users/ThorrStevens/Documents/Howest/S10/STAGE/DistrictMusic/DistrictMusic_Remote
17 error Darwin 16.0.0
18 error argv "/Users/ThorrStevens/.nvm/versions/node/v6.8.0/bin/node" "/Users/ThorrStevens/.nvm/versions/node/v6.8.0/bin/npm" "run" "development"
19 error node v6.8.0
20 error npm  v3.10.8
21 error code ELIFECYCLE
22 error DistrictMusic@0.2.1 development: `npm run clean && nodemon . & NODE_ENV=development webpack --watch`
22 error Exit status 1
23 error Failed at the DistrictMusic@0.2.1 development script 'npm run clean && nodemon . & NODE_ENV=development webpack --watch'.
23 error Make sure you have the latest version of node.js and npm installed.
23 error If you do, this is most likely a problem with the DistrictMusic package,
23 error not with npm itself.
23 error Tell the author that this fails on your system:
23 error     npm run clean && nodemon . & NODE_ENV=development webpack --watch
23 error You can get information on how to open an issue for this project with:
23 error     npm bugs DistrictMusic
23 error Or if that isn't available, you can get their info via:
23 error     npm owner ls DistrictMusic
23 error There is likely additional logging output above.
24 verbose exit [ 1, true ]
